<?xml version="1.0" encoding="UTF-8"?>
<!-- Generated by org.testng.reporters.JUnitReportReporter -->
<testsuite hostname="Khush" name="neoStoxTestClasses.ValidateNewProperties" tests="1" failures="0" timestamp="7 Dec 2022 10:55:34 GMT" time="28.904" errors="0">
  <testcase name="validateUserName" time="28.904" classname="neoStoxTestClasses.ValidateNewProperties"/>
</testsuite> <!-- neoStoxTestClasses.ValidateNewProperties -->
